<?xml version="1.0" encoding="UTF-8"?>
<testng-results skipped="0" failed="0" total="1" passed="1">
  <reporter-output>
  </reporter-output>
  <suite name="Default suite" duration-ms="46" started-at="2017-01-21T02:28:52Z" finished-at="2017-01-21T02:28:52Z">
    <groups>
    </groups>
    <test name="Default test" duration-ms="46" started-at="2017-01-21T02:28:52Z" finished-at="2017-01-21T02:28:52Z">
      <class name="testng.test">
        <test-method status="PASS" signature="testSample()[pri:0, instance:testng.test@523884b2]" name="testSample" duration-ms="20" started-at="2017-01-21T07:58:52Z" finished-at="2017-01-21T07:58:52Z">
          <reporter-output>
          </reporter-output>
        </test-method> <!-- testSample -->
      </class> <!-- testng.test -->
    </test> <!-- Default test -->
  </suite> <!-- Default suite -->
</testng-results>
